[0828/164722.596:ERROR:process_memory_win.cc(73)] ReadMemory at 0x7ff7c0a00000 of 64 bytes failed: 仅完成部分的 ReadProcessMemory 或 WriteProcessMemory 请求。 (0x12B)
[0828/164722.597:WARNING:pe_image_reader.cc(340)] could not read dos header from C:\Program Files (x86)\Google\Chrome\Application\chrome.exe
[0828/164722.598:ERROR:process_memory_win.cc(73)] ReadMemory at 0x7ff920440000 of 64 bytes failed: 仅完成部分的 ReadProcessMemory 或 WriteProcessMemory 请求。 (0x12B)
[0828/164722.598:WARNING:pe_image_reader.cc(340)] could not read dos header from C:\WINDOWS\SYSTEM32\ntdll.dll
[0828/164722.598:ERROR:process_memory_win.cc(73)] ReadMemory at 0x7ff91f570000 of 64 bytes failed: 仅完成部分的 ReadProcessMemory 或 WriteProcessMemory 请求。 (0x12B)
[0828/164722.598:WARNING:pe_image_reader.cc(340)] could not read dos header from C:\WINDOWS\System32\KERNEL32.DLL
[0828/164722.598:ERROR:process_memory_win.cc(73)] ReadMemory at 0x7ff91dd20000 of 64 bytes failed: 仅完成部分的 ReadProcessMemory 或 WriteProcessMemory 请求。 (0x12B)
[0828/164722.598:WARNING:pe_image_reader.cc(340)] could not read dos header from C:\WINDOWS\System32\KERNELBASE.dll
[0828/164722.598:ERROR:process_memory_win.cc(73)] ReadMemory at 0x7ff8e9b60000 of 64 bytes failed: 仅完成部分的 ReadProcessMemory 或 WriteProcessMemory 请求。 (0x12B)
[0828/164722.598:WARNING:pe_image_reader.cc(340)] could not read dos header from C:\Program Files (x86)\Google\Chrome\Application\84.0.4147.125\chrome_elf.dll
[0828/164722.598:ERROR:process_memory_win.cc(73)] ReadMemory at 0x7ff913800000 of 64 bytes failed: 仅完成部分的 ReadProcessMemory 或 WriteProcessMemory 请求。 (0x12B)
[0828/164722.598:WARNING:pe_image_reader.cc(340)] could not read dos header from C:\WINDOWS\SYSTEM32\VERSION.dll
[0828/164722.598:ERROR:process_memory_win.cc(73)] ReadMemory at 0x7ff91fc10000 of 64 bytes failed: 仅完成部分的 ReadProcessMemory 或 WriteProcessMemory 请求。 (0x12B)
[0828/164722.598:WARNING:pe_image_reader.cc(340)] could not read dos header from C:\WINDOWS\System32\msvcrt.dll
[0828/164722.598:ERROR:process_memory_win.cc(73)] ReadMemory at 0x7ff91d510000 of 64 bytes failed: 仅完成部分的 ReadProcessMemory 或 WriteProcessMemory 请求。 (0x12B)
[0828/164722.598:WARNING:pe_image_reader.cc(340)] could not read dos header from C:\WINDOWS\System32\bcryptPrimitives.dll
[0828/164722.598:ERROR:process_memory_win.cc(73)] ReadMemory at 0x7ff91fd30000 of 64 bytes failed: 仅完成部分的 ReadProcessMemory 或 WriteProcessMemory 请求。 (0x12B)
[0828/164722.598:WARNING:pe_image_reader.cc(340)] could not read dos header from C:\WINDOWS\System32\ADVAPI32.dll
[0828/164722.598:ERROR:process_memory_win.cc(73)] ReadMemory at 0x7ff91fb40000 of 64 bytes failed: 仅完成部分的 ReadProcessMemory 或 WriteProcessMemory 请求。 (0x12B)
[0828/164722.598:WARNING:pe_image_reader.cc(340)] could not read dos header from C:\WINDOWS\System32\sechost.dll
[0828/164722.598:ERROR:process_memory_win.cc(73)] ReadMemory at 0x7ff91f8d0000 of 64 bytes failed: 仅完成部分的 ReadProcessMemory 或 WriteProcessMemory 请求。 (0x12B)
[0828/164722.598:WARNING:pe_image_reader.cc(340)] could not read dos header from C:\WINDOWS\System32\RPCRT4.dll
[0828/164722.598:ERROR:process_memory_win.cc(73)] ReadMemory at 0x7ff8a6de0000 of 64 bytes failed: 仅完成部分的 ReadProcessMemory 或 WriteProcessMemory 请求。 (0x12B)
[0828/164722.598:WARNING:pe_image_reader.cc(340)] could not read dos header from C:\Program Files (x86)\Google\Chrome\Application\84.0.4147.125\chrome.dll
[0828/164722.598:ERROR:process_memory_win.cc(73)] ReadMemory at 0x7ff91f860000 of 64 bytes failed: 仅完成部分的 ReadProcessMemory 或 WriteProcessMemory 请求。 (0x12B)
[0828/164722.598:WARNING:pe_image_reader.cc(340)] could not read dos header from C:\WINDOWS\System32\WS2_32.dll
[0828/164722.598:ERROR:process_memory_win.cc(73)] ReadMemory at 0x7ff920020000 of 64 bytes failed: 仅完成部分的 ReadProcessMemory 或 WriteProcessMemory 请求。 (0x12B)
[0828/164722.598:WARNING:pe_image_reader.cc(340)] could not read dos header from C:\WINDOWS\System32\OLEAUT32.dll
[0828/164722.598:ERROR:process_memory_win.cc(73)] ReadMemory at 0x7ff91e000000 of 64 bytes failed: 仅完成部分的 ReadProcessMemory 或 WriteProcessMemory 请求。 (0x12B)
[0828/164722.598:WARNING:pe_image_reader.cc(340)] could not read dos header from C:\WINDOWS\System32\msvcp_win.dll
[0828/164722.598:ERROR:process_memory_win.cc(73)] ReadMemory at 0x7ff91e0a0000 of 64 bytes failed: 仅完成部分的 ReadProcessMemory 或 WriteProcessMemory 请求。 (0x12B)
[0828/164722.598:WARNING:pe_image_reader.cc(340)] could not read dos header from C:\WINDOWS\System32\ucrtbase.dll
[0828/164722.598:ERROR:process_memory_win.cc(73)] ReadMemory at 0x7ff91ed00000 of 64 bytes failed: 仅完成部分的 ReadProcessMemory 或 WriteProcessMemory 请求。 (0x12B)
[0828/164722.599:WARNING:pe_image_reader.cc(340)] could not read dos header from C:\WINDOWS\System32\combase.dll
[0828/164722.599:ERROR:process_memory_win.cc(73)] ReadMemory at 0x7ff91e1a0000 of 64 bytes failed: 仅完成部分的 ReadProcessMemory 或 WriteProcessMemory 请求。 (0x12B)
[0828/164722.599:WARNING:pe_image_reader.cc(340)] could not read dos header from C:\WINDOWS\System32\WINTRUST.dll
[0828/164722.599:ERROR:process_memory_win.cc(73)] ReadMemory at 0x7ff91d3a0000 of 64 bytes failed: 仅完成部分的 ReadProcessMemory 或 WriteProcessMemory 请求。 (0x12B)
[0828/164722.599:WARNING:pe_image_reader.cc(340)] could not read dos header from C:\WINDOWS\System32\MSASN1.dll
[0828/164722.599:ERROR:process_memory_win.cc(73)] ReadMemory at 0x7ff91d3c0000 of 64 bytes failed: 仅完成部分的 ReadProcessMemory 或 WriteProcessMemory 请求。 (0x12B)
[0828/164722.599:WARNING:pe_image_reader.cc(340)] could not read dos header from C:\WINDOWS\System32\CRYPT32.dll
[0828/164722.599:ERROR:process_memory_win.cc(73)] ReadMemory at 0x7ff91c860000 of 64 bytes failed: 仅完成部分的 ReadProcessMemory 或 WriteProcessMemory 请求。 (0x12B)
[0828/164722.599:WARNING:pe_image_reader.cc(340)] could not read dos header from C:\WINDOWS\SYSTEM32\IPHLPAPI.DLL
[0828/164722.599:ERROR:process_memory_win.cc(73)] ReadMemory at 0x7ff91b140000 of 64 bytes failed: 仅完成部分的 ReadProcessMemory 或 WriteProcessMemory 请求。 (0x12B)
[0828/164722.599:WARNING:pe_image_reader.cc(340)] could not read dos header from C:\WINDOWS\SYSTEM32\WINMM.dll
[0828/164722.599:ERROR:process_memory_win.cc(73)] ReadMemory at 0x7ff9035d0000 of 64 bytes failed: 仅完成部分的 ReadProcessMemory 或 WriteProcessMemory 请求。 (0x12B)
[0828/164722.599:WARNING:pe_image_reader.cc(340)] could not read dos header from C:\WINDOWS\SYSTEM32\Secur32.dll
[0828/164722.599:ERROR:process_memory_win.cc(73)] ReadMemory at 0x7ff91d210000 of 64 bytes failed: 仅完成部分的 ReadProcessMemory 或 WriteProcessMemory 请求。 (0x12B)
[0828/164722.599:WARNING:pe_image_reader.cc(340)] could not read dos header from C:\WINDOWS\SYSTEM32\USERENV.dll
[0828/164722.599:ERROR:process_memory_win.cc(73)] ReadMemory at 0x7ff91d320000 of 64 bytes failed: 仅完成部分的 ReadProcessMemory 或 WriteProcessMemory 请求。 (0x12B)
[0828/164722.599:WARNING:pe_image_reader.cc(340)] could not read dos header from C:\WINDOWS\System32\profapi.dll
[0828/164722.599:ERROR:process_memory_win.cc(73)] ReadMemory at 0x7ff8e9820000 of 64 bytes failed: 仅完成部分的 ReadProcessMemory 或 WriteProcessMemory 请求。 (0x12B)
[0828/164722.599:WARNING:pe_image_reader.cc(340)] could not read dos header from C:\WINDOWS\SYSTEM32\UIAutomationCore.DLL
[0828/164722.599:ERROR:process_memory_win.cc(73)] ReadMemory at 0x7ff904f90000 of 64 bytes failed: 仅完成部分的 ReadProcessMemory 或 WriteProcessMemory 请求。 (0x12B)
[0828/164722.599:WARNING:pe_image_reader.cc(340)] could not read dos header from C:\WINDOWS\SYSTEM32\DWrite.dll
[0828/164722.599:ERROR:process_memory_win.cc(73)] ReadMemory at 0x7ff8ffb60000 of 64 bytes failed: 仅完成部分的 ReadProcessMemory 或 WriteProcessMemory 请求。 (0x12B)
[0828/164722.599:WARNING:pe_image_reader.cc(340)] could not read dos header from C:\WINDOWS\SYSTEM32\WINSPOOL.DRV
[0828/164722.599:ERROR:process_memory_win.cc(73)] ReadMemory at 0x7ff91d300000 of 64 bytes failed: 仅完成部分的 ReadProcessMemory 或 WriteProcessMemory 请求。 (0x12B)
[0828/164722.599:WARNING:pe_image_reader.cc(340)] could not read dos header from C:\WINDOWS\System32\kernel.appcore.dll
[0828/164722.599:ERROR:process_memory_win.cc(73)] ReadMemory at 0x7ff91dfd0000 of 64 bytes failed: 仅完成部分的 ReadProcessMemory 或 WriteProcessMemory 请求。 (0x12B)
[0828/164722.599:WARNING:pe_image_reader.cc(340)] could not read dos header from C:\WINDOWS\System32\bcrypt.dll
[0828/164722.599:ERROR:process_memory_win.cc(73)] ReadMemory at 0x7ff91bc10000 of 64 bytes failed: 仅完成部分的 ReadProcessMemory 或 WriteProcessMemory 请求。 (0x12B)
[0828/164722.599:WARNING:pe_image_reader.cc(340)] could not read dos header from C:\WINDOWS\SYSTEM32\dbghelp.dll
[0828/164722.599:ERROR:process_memory_win.cc(73)] ReadMemory at 0x7ff90d170000 of 64 bytes failed: 仅完成部分的 ReadProcessMemory 或 WriteProcessMemory 请求。 (0x12B)
[0828/164722.600:WARNING:pe_image_reader.cc(340)] could not read dos header from C:\WINDOWS\SYSTEM32\WINHTTP.dll
[0828/164722.600:ERROR:process_memory_win.cc(73)] ReadMemory at 0x7ff917800000 of 64 bytes failed: 仅完成部分的 ReadProcessMemory 或 WriteProcessMemory 请求。 (0x12B)
[0828/164722.600:WARNING:pe_image_reader.cc(340)] could not read dos header from C:\WINDOWS\SYSTEM32\dhcpcsvc.DLL
[0828/164722.600:ERROR:process_memory_win.cc(73)] ReadMemory at 0x7ff91f850000 of 64 bytes failed: 仅完成部分的 ReadProcessMemory 或 WriteProcessMemory 请求。 (0x12B)
[0828/164722.600:WARNING:pe_image_reader.cc(340)] could not read dos header from C:\WINDOWS\System32\NSI.dll
[0828/164722.600:ERROR:process_memory_win.cc(73)] ReadMemory at 0x7ff91b0c0000 of 64 bytes failed: 仅完成部分的 ReadProcessMemory 或 WriteProcessMemory 请求。 (0x12B)
[0828/164722.600:WARNING:pe_image_reader.cc(340)] could not read dos header from C:\WINDOWS\SYSTEM32\WINMMBASE.dll
[0828/164722.600:ERROR:process_memory_win.cc(73)] ReadMemory at 0x7ff91e300000 of 64 bytes failed: 仅完成部分的 ReadProcessMemory 或 WriteProcessMemory 请求。 (0x12B)
[0828/164722.600:WARNING:pe_image_reader.cc(340)] could not read dos header from C:\WINDOWS\System32\cfgmgr32.dll
[0828/164722.600:ERROR:process_memory_win.cc(73)] ReadMemory at 0x7ff91a3b0000 of 64 bytes failed: 仅完成部分的 ReadProcessMemory 或 WriteProcessMemory 请求。 (0x12B)
[0828/164722.600:WARNING:pe_image_reader.cc(340)] could not read dos header from C:\WINDOWS\SYSTEM32\PROPSYS.dll
[0828/164722.600:ERROR:process_memory_win.cc(73)] ReadMemory at 0x7ff91f040000 of 64 bytes failed: 仅完成部分的 ReadProcessMemory 或 WriteProcessMemory 请求。 (0x12B)
[0828/164722.600:WARNING:pe_image_reader.cc(340)] could not read dos header from C:\WINDOWS\System32\shcore.dll
[0828/164722.600:ERROR:process_memory_win.cc(73)] ReadMemory at 0x7ff91d1e0000 of 64 bytes failed: 仅完成部分的 ReadProcessMemory 或 WriteProcessMemory 请求。 (0x12B)
[0828/164722.600:WARNING:pe_image_reader.cc(340)] could not read dos header from C:\WINDOWS\SYSTEM32\SSPICLI.DLL
[0828/164722.600:ERROR:process_memory_win.cc(73)] ReadMemory at 0x7ff91cd20000 of 64 bytes failed: 仅完成部分的 ReadProcessMemory 或 WriteProcessMemory 请求。 (0x12B)
[0828/164722.600:WARNING:pe_image_reader.cc(340)] could not read dos header from C:\WINDOWS\SYSTEM32\CRYPTBASE.DLL
[0828/164722.604:ERROR:process_memory_win.cc(73)] ReadMemory at 0x7ff7c0a00000 of 64 bytes failed: 仅完成部分的 ReadProcessMemory 或 WriteProcessMemory 请求。 (0x12B)
[0828/164722.604:WARNING:pe_image_reader.cc(340)] could not read dos header from C:\Program Files (x86)\Google\Chrome\Application\chrome.exe
[0828/164722.605:ERROR:process_memory_win.cc(73)] ReadMemory at 0x7ff920440000 of 64 bytes failed: 仅完成部分的 ReadProcessMemory 或 WriteProcessMemory 请求。 (0x12B)
[0828/164722.605:WARNING:pe_image_reader.cc(340)] could not read dos header from C:\WINDOWS\SYSTEM32\ntdll.dll
[0828/164722.605:ERROR:process_memory_win.cc(73)] ReadMemory at 0x7ff91f570000 of 64 bytes failed: 仅完成部分的 ReadProcessMemory 或 WriteProcessMemory 请求。 (0x12B)
[0828/164722.605:WARNING:pe_image_reader.cc(340)] could not read dos header from C:\WINDOWS\System32\KERNEL32.DLL
[0828/164722.605:ERROR:process_memory_win.cc(73)] ReadMemory at 0x7ff91dd20000 of 64 bytes failed: 仅完成部分的 ReadProcessMemory 或 WriteProcessMemory 请求。 (0x12B)
[0828/164722.605:WARNING:pe_image_reader.cc(340)] could not read dos header from C:\WINDOWS\System32\KERNELBASE.dll
[0828/164722.605:ERROR:process_memory_win.cc(73)] ReadMemory at 0x7ff8e9b60000 of 64 bytes failed: 仅完成部分的 ReadProcessMemory 或 WriteProcessMemory 请求。 (0x12B)
[0828/164722.605:WARNING:pe_image_reader.cc(340)] could not read dos header from C:\Program Files (x86)\Google\Chrome\Application\84.0.4147.125\chrome_elf.dll
[0828/164722.605:ERROR:process_memory_win.cc(73)] ReadMemory at 0x7ff913800000 of 64 bytes failed: 仅完成部分的 ReadProcessMemory 或 WriteProcessMemory 请求。 (0x12B)
[0828/164722.605:WARNING:pe_image_reader.cc(340)] could not read dos header from C:\WINDOWS\SYSTEM32\VERSION.dll
[0828/164722.605:ERROR:process_memory_win.cc(73)] ReadMemory at 0x7ff91fc10000 of 64 bytes failed: 仅完成部分的 ReadProcessMemory 或 WriteProcessMemory 请求。 (0x12B)
[0828/164722.605:WARNING:pe_image_reader.cc(340)] could not read dos header from C:\WINDOWS\System32\msvcrt.dll
[0828/164722.605:ERROR:process_memory_win.cc(73)] ReadMemory at 0x7ff91d510000 of 64 bytes failed: 仅完成部分的 ReadProcessMemory 或 WriteProcessMemory 请求。 (0x12B)
[0828/164722.605:WARNING:pe_image_reader.cc(340)] could not read dos header from C:\WINDOWS\System32\bcryptPrimitives.dll
[0828/164722.605:ERROR:process_memory_win.cc(73)] ReadMemory at 0x7ff91fd30000 of 64 bytes failed: 仅完成部分的 ReadProcessMemory 或 WriteProcessMemory 请求。 (0x12B)
[0828/164722.605:WARNING:pe_image_reader.cc(340)] could not read dos header from C:\WINDOWS\System32\ADVAPI32.dll
[0828/164722.605:ERROR:process_memory_win.cc(73)] ReadMemory at 0x7ff91fb40000 of 64 bytes failed: 仅完成部分的 ReadProcessMemory 或 WriteProcessMemory 请求。 (0x12B)
[0828/164722.605:WARNING:pe_image_reader.cc(340)] could not read dos header from C:\WINDOWS\System32\sechost.dll
[0828/164722.605:ERROR:process_memory_win.cc(73)] ReadMemory at 0x7ff91f8d0000 of 64 bytes failed: 仅完成部分的 ReadProcessMemory 或 WriteProcessMemory 请求。 (0x12B)
[0828/164722.605:WARNING:pe_image_reader.cc(340)] could not read dos header from C:\WINDOWS\System32\RPCRT4.dll
[0828/164722.605:ERROR:process_memory_win.cc(73)] ReadMemory at 0x7ff8a6de0000 of 64 bytes failed: 仅完成部分的 ReadProcessMemory 或 WriteProcessMemory 请求。 (0x12B)
[0828/164722.605:WARNING:pe_image_reader.cc(340)] could not read dos header from C:\Program Files (x86)\Google\Chrome\Application\84.0.4147.125\chrome.dll
[0828/164722.605:ERROR:process_memory_win.cc(73)] ReadMemory at 0x7ff91f860000 of 64 bytes failed: 仅完成部分的 ReadProcessMemory 或 WriteProcessMemory 请求。 (0x12B)
[0828/164722.605:WARNING:pe_image_reader.cc(340)] could not read dos header from C:\WINDOWS\System32\WS2_32.dll
[0828/164722.605:ERROR:process_memory_win.cc(73)] ReadMemory at 0x7ff920020000 of 64 bytes failed: 仅完成部分的 ReadProcessMemory 或 WriteProcessMemory 请求。 (0x12B)
[0828/164722.605:WARNING:pe_image_reader.cc(340)] could not read dos header from C:\WINDOWS\System32\OLEAUT32.dll
[0828/164722.605:ERROR:process_memory_win.cc(73)] ReadMemory at 0x7ff91e000000 of 64 bytes failed: 仅完成部分的 ReadProcessMemory 或 WriteProcessMemory 请求。 (0x12B)
[0828/164722.605:WARNING:pe_image_reader.cc(340)] could not read dos header from C:\WINDOWS\System32\msvcp_win.dll
[0828/164722.606:ERROR:process_memory_win.cc(73)] ReadMemory at 0x7ff91e0a0000 of 64 bytes failed: 仅完成部分的 ReadProcessMemory 或 WriteProcessMemory 请求。 (0x12B)
[0828/164722.606:WARNING:pe_image_reader.cc(340)] could not read dos header from C:\WINDOWS\System32\ucrtbase.dll
[0828/164722.606:ERROR:process_memory_win.cc(73)] ReadMemory at 0x7ff91ed00000 of 64 bytes failed: 仅完成部分的 ReadProcessMemory 或 WriteProcessMemory 请求。 (0x12B)
[0828/164722.606:WARNING:pe_image_reader.cc(340)] could not read dos header from C:\WINDOWS\System32\combase.dll
[0828/164722.606:ERROR:process_memory_win.cc(73)] ReadMemory at 0x7ff91e1a0000 of 64 bytes failed: 仅完成部分的 ReadProcessMemory 或 WriteProcessMemory 请求。 (0x12B)
[0828/164722.606:WARNING:pe_image_reader.cc(340)] could not read dos header from C:\WINDOWS\System32\WINTRUST.dll
[0828/164722.606:ERROR:process_memory_win.cc(73)] ReadMemory at 0x7ff91d3a0000 of 64 bytes failed: 仅完成部分的 ReadProcessMemory 或 WriteProcessMemory 请求。 (0x12B)
[0828/164722.606:WARNING:pe_image_reader.cc(340)] could not read dos header from C:\WINDOWS\System32\MSASN1.dll
[0828/164722.606:ERROR:process_memory_win.cc(73)] ReadMemory at 0x7ff91d3c0000 of 64 bytes failed: 仅完成部分的 ReadProcessMemory 或 WriteProcessMemory 请求。 (0x12B)
[0828/164722.606:WARNING:pe_image_reader.cc(340)] could not read dos header from C:\WINDOWS\System32\CRYPT32.dll
[0828/164722.606:ERROR:process_memory_win.cc(73)] ReadMemory at 0x7ff91c860000 of 64 bytes failed: 仅完成部分的 ReadProcessMemory 或 WriteProcessMemory 请求。 (0x12B)
[0828/164722.606:WARNING:pe_image_reader.cc(340)] could not read dos header from C:\WINDOWS\SYSTEM32\IPHLPAPI.DLL
[0828/164722.606:ERROR:process_memory_win.cc(73)] ReadMemory at 0x7ff91b140000 of 64 bytes failed: 仅完成部分的 ReadProcessMemory 或 WriteProcessMemory 请求。 (0x12B)
[0828/164722.606:WARNING:pe_image_reader.cc(340)] could not read dos header from C:\WINDOWS\SYSTEM32\WINMM.dll
[0828/164722.606:ERROR:process_memory_win.cc(73)] ReadMemory at 0x7ff9035d0000 of 64 bytes failed: 仅完成部分的 ReadProcessMemory 或 WriteProcessMemory 请求。 (0x12B)
[0828/164722.606:WARNING:pe_image_reader.cc(340)] could not read dos header from C:\WINDOWS\SYSTEM32\Secur32.dll
[0828/164722.606:ERROR:process_memory_win.cc(73)] ReadMemory at 0x7ff91d210000 of 64 bytes failed: 仅完成部分的 ReadProcessMemory 或 WriteProcessMemory 请求。 (0x12B)
[0828/164722.606:WARNING:pe_image_reader.cc(340)] could not read dos header from C:\WINDOWS\SYSTEM32\USERENV.dll
[0828/164722.606:ERROR:process_memory_win.cc(73)] ReadMemory at 0x7ff91d320000 of 64 bytes failed: 仅完成部分的 ReadProcessMemory 或 WriteProcessMemory 请求。 (0x12B)
[0828/164722.606:WARNING:pe_image_reader.cc(340)] could not read dos header from C:\WINDOWS\System32\profapi.dll
[0828/164722.606:ERROR:process_memory_win.cc(73)] ReadMemory at 0x7ff8e9820000 of 64 bytes failed: 仅完成部分的 ReadProcessMemory 或 WriteProcessMemory 请求。 (0x12B)
[0828/164722.606:WARNING:pe_image_reader.cc(340)] could not read dos header from C:\WINDOWS\SYSTEM32\UIAutomationCore.DLL
[0828/164722.606:ERROR:process_memory_win.cc(73)] ReadMemory at 0x7ff904f90000 of 64 bytes failed: 仅完成部分的 ReadProcessMemory 或 WriteProcessMemory 请求。 (0x12B)
[0828/164722.606:WARNING:pe_image_reader.cc(340)] could not read dos header from C:\WINDOWS\SYSTEM32\DWrite.dll
[0828/164722.606:ERROR:process_memory_win.cc(73)] ReadMemory at 0x7ff8ffb60000 of 64 bytes failed: 仅完成部分的 ReadProcessMemory 或 WriteProcessMemory 请求。 (0x12B)
[0828/164722.607:WARNING:pe_image_reader.cc(340)] could not read dos header from C:\WINDOWS\SYSTEM32\WINSPOOL.DRV
[0828/164722.607:ERROR:process_memory_win.cc(73)] ReadMemory at 0x7ff91d300000 of 64 bytes failed: 仅完成部分的 ReadProcessMemory 或 WriteProcessMemory 请求。 (0x12B)
[0828/164722.607:WARNING:pe_image_reader.cc(340)] could not read dos header from C:\WINDOWS\System32\kernel.appcore.dll
[0828/164722.607:ERROR:process_memory_win.cc(73)] ReadMemory at 0x7ff91dfd0000 of 64 bytes failed: 仅完成部分的 ReadProcessMemory 或 WriteProcessMemory 请求。 (0x12B)
[0828/164722.607:WARNING:pe_image_reader.cc(340)] could not read dos header from C:\WINDOWS\System32\bcrypt.dll
[0828/164722.607:ERROR:process_memory_win.cc(73)] ReadMemory at 0x7ff91bc10000 of 64 bytes failed: 仅完成部分的 ReadProcessMemory 或 WriteProcessMemory 请求。 (0x12B)
[0828/164722.607:WARNING:pe_image_reader.cc(340)] could not read dos header from C:\WINDOWS\SYSTEM32\dbghelp.dll
[0828/164722.607:ERROR:process_memory_win.cc(73)] ReadMemory at 0x7ff90d170000 of 64 bytes failed: 仅完成部分的 ReadProcessMemory 或 WriteProcessMemory 请求。 (0x12B)
[0828/164722.607:WARNING:pe_image_reader.cc(340)] could not read dos header from C:\WINDOWS\SYSTEM32\WINHTTP.dll
[0828/164722.607:ERROR:process_memory_win.cc(73)] ReadMemory at 0x7ff917800000 of 64 bytes failed: 仅完成部分的 ReadProcessMemory 或 WriteProcessMemory 请求。 (0x12B)
[0828/164722.607:WARNING:pe_image_reader.cc(340)] could not read dos header from C:\WINDOWS\SYSTEM32\dhcpcsvc.DLL
[0828/164722.607:ERROR:process_memory_win.cc(73)] ReadMemory at 0x7ff91f850000 of 64 bytes failed: 仅完成部分的 ReadProcessMemory 或 WriteProcessMemory 请求。 (0x12B)
[0828/164722.607:WARNING:pe_image_reader.cc(340)] could not read dos header from C:\WINDOWS\System32\NSI.dll
[0828/164722.607:ERROR:process_memory_win.cc(73)] ReadMemory at 0x7ff91b0c0000 of 64 bytes failed: 仅完成部分的 ReadProcessMemory 或 WriteProcessMemory 请求。 (0x12B)
[0828/164722.607:WARNING:pe_image_reader.cc(340)] could not read dos header from C:\WINDOWS\SYSTEM32\WINMMBASE.dll
[0828/164722.607:ERROR:process_memory_win.cc(73)] ReadMemory at 0x7ff91e300000 of 64 bytes failed: 仅完成部分的 ReadProcessMemory 或 WriteProcessMemory 请求。 (0x12B)
[0828/164722.607:WARNING:pe_image_reader.cc(340)] could not read dos header from C:\WINDOWS\System32\cfgmgr32.dll
[0828/164722.607:ERROR:process_memory_win.cc(73)] ReadMemory at 0x7ff91a3b0000 of 64 bytes failed: 仅完成部分的 ReadProcessMemory 或 WriteProcessMemory 请求。 (0x12B)
[0828/164722.607:WARNING:pe_image_reader.cc(340)] could not read dos header from C:\WINDOWS\SYSTEM32\PROPSYS.dll
[0828/164722.607:ERROR:process_memory_win.cc(73)] ReadMemory at 0x7ff91f040000 of 64 bytes failed: 仅完成部分的 ReadProcessMemory 或 WriteProcessMemory 请求。 (0x12B)
[0828/164722.607:WARNING:pe_image_reader.cc(340)] could not read dos header from C:\WINDOWS\System32\shcore.dll
[0828/164722.607:ERROR:process_memory_win.cc(73)] ReadMemory at 0x7ff91d1e0000 of 64 bytes failed: 仅完成部分的 ReadProcessMemory 或 WriteProcessMemory 请求。 (0x12B)
[0828/164722.607:WARNING:pe_image_reader.cc(340)] could not read dos header from C:\WINDOWS\SYSTEM32\SSPICLI.DLL
[0828/164722.607:ERROR:process_memory_win.cc(73)] ReadMemory at 0x7ff91cd20000 of 64 bytes failed: 仅完成部分的 ReadProcessMemory 或 WriteProcessMemory 请求。 (0x12B)
[0828/164722.607:WARNING:pe_image_reader.cc(340)] could not read dos header from C:\WINDOWS\SYSTEM32\CRYPTBASE.DLL
[0828/164722.607:ERROR:process_memory_win.cc(73)] ReadMemory at 0x7ff7c0a00000 of 64 bytes failed: 仅完成部分的 ReadProcessMemory 或 WriteProcessMemory 请求。 (0x12B)
[0828/164722.607:WARNING:pe_image_reader.cc(340)] could not read dos header from C:\Program Files (x86)\Google\Chrome\Application\chrome.exe
[0828/164722.607:ERROR:process_memory_win.cc(73)] ReadMemory at 0x7ff920440000 of 64 bytes failed: 仅完成部分的 ReadProcessMemory 或 WriteProcessMemory 请求。 (0x12B)
[0828/164722.607:WARNING:pe_image_reader.cc(340)] could not read dos header from C:\WINDOWS\SYSTEM32\ntdll.dll
[0828/164722.607:ERROR:process_memory_win.cc(73)] ReadMemory at 0x7ff91f570000 of 64 bytes failed: 仅完成部分的 ReadProcessMemory 或 WriteProcessMemory 请求。 (0x12B)
[0828/164722.607:WARNING:pe_image_reader.cc(340)] could not read dos header from C:\WINDOWS\System32\KERNEL32.DLL
[0828/164722.607:ERROR:process_memory_win.cc(73)] ReadMemory at 0x7ff91dd20000 of 64 bytes failed: 仅完成部分的 ReadProcessMemory 或 WriteProcessMemory 请求。 (0x12B)
[0828/164722.607:WARNING:pe_image_reader.cc(340)] could not read dos header from C:\WINDOWS\System32\KERNELBASE.dll
[0828/164722.608:ERROR:process_memory_win.cc(73)] ReadMemory at 0x7ff8e9b60000 of 64 bytes failed: 仅完成部分的 ReadProcessMemory 或 WriteProcessMemory 请求。 (0x12B)
[0828/164722.608:WARNING:pe_image_reader.cc(340)] could not read dos header from C:\Program Files (x86)\Google\Chrome\Application\84.0.4147.125\chrome_elf.dll
[0828/164722.608:ERROR:process_memory_win.cc(73)] ReadMemory at 0x7ff913800000 of 64 bytes failed: 仅完成部分的 ReadProcessMemory 或 WriteProcessMemory 请求。 (0x12B)
[0828/164722.608:WARNING:pe_image_reader.cc(340)] could not read dos header from C:\WINDOWS\SYSTEM32\VERSION.dll
[0828/164722.608:ERROR:process_memory_win.cc(73)] ReadMemory at 0x7ff91fc10000 of 64 bytes failed: 仅完成部分的 ReadProcessMemory 或 WriteProcessMemory 请求。 (0x12B)
[0828/164722.608:WARNING:pe_image_reader.cc(340)] could not read dos header from C:\WINDOWS\System32\msvcrt.dll
[0828/164722.608:ERROR:process_memory_win.cc(73)] ReadMemory at 0x7ff91d510000 of 64 bytes failed: 仅完成部分的 ReadProcessMemory 或 WriteProcessMemory 请求。 (0x12B)
[0828/164722.608:WARNING:pe_image_reader.cc(340)] could not read dos header from C:\WINDOWS\System32\bcryptPrimitives.dll
[0828/164722.608:ERROR:process_memory_win.cc(73)] ReadMemory at 0x7ff91fd30000 of 64 bytes failed: 仅完成部分的 ReadProcessMemory 或 WriteProcessMemory 请求。 (0x12B)
[0828/164722.608:WARNING:pe_image_reader.cc(340)] could not read dos header from C:\WINDOWS\System32\ADVAPI32.dll
[0828/164722.608:ERROR:process_memory_win.cc(73)] ReadMemory at 0x7ff91fb40000 of 64 bytes failed: 仅完成部分的 ReadProcessMemory 或 WriteProcessMemory 请求。 (0x12B)
[0828/164722.608:WARNING:pe_image_reader.cc(340)] could not read dos header from C:\WINDOWS\System32\sechost.dll
[0828/164722.608:ERROR:process_memory_win.cc(73)] ReadMemory at 0x7ff91f8d0000 of 64 bytes failed: 仅完成部分的 ReadProcessMemory 或 WriteProcessMemory 请求。 (0x12B)
[0828/164722.608:WARNING:pe_image_reader.cc(340)] could not read dos header from C:\WINDOWS\System32\RPCRT4.dll
[0828/164722.608:ERROR:process_memory_win.cc(73)] ReadMemory at 0x7ff8a6de0000 of 64 bytes failed: 仅完成部分的 ReadProcessMemory 或 WriteProcessMemory 请求。 (0x12B)
[0828/164722.608:WARNING:pe_image_reader.cc(340)] could not read dos header from C:\Program Files (x86)\Google\Chrome\Application\84.0.4147.125\chrome.dll
[0828/164722.608:ERROR:process_memory_win.cc(73)] ReadMemory at 0x7ff91f860000 of 64 bytes failed: 仅完成部分的 ReadProcessMemory 或 WriteProcessMemory 请求。 (0x12B)
[0828/164722.608:WARNING:pe_image_reader.cc(340)] could not read dos header from C:\WINDOWS\System32\WS2_32.dll
[0828/164722.608:ERROR:process_memory_win.cc(73)] ReadMemory at 0x7ff920020000 of 64 bytes failed: 仅完成部分的 ReadProcessMemory 或 WriteProcessMemory 请求。 (0x12B)
[0828/164722.608:WARNING:pe_image_reader.cc(340)] could not read dos header from C:\WINDOWS\System32\OLEAUT32.dll
[0828/164722.608:ERROR:process_memory_win.cc(73)] ReadMemory at 0x7ff91e000000 of 64 bytes failed: 仅完成部分的 ReadProcessMemory 或 WriteProcessMemory 请求。 (0x12B)
[0828/164722.608:WARNING:pe_image_reader.cc(340)] could not read dos header from C:\WINDOWS\System32\msvcp_win.dll
[0828/164722.608:ERROR:process_memory_win.cc(73)] ReadMemory at 0x7ff91e0a0000 of 64 bytes failed: 仅完成部分的 ReadProcessMemory 或 WriteProcessMemory 请求。 (0x12B)
[0828/164722.608:WARNING:pe_image_reader.cc(340)] could not read dos header from C:\WINDOWS\System32\ucrtbase.dll
[0828/164722.608:ERROR:process_memory_win.cc(73)] ReadMemory at 0x7ff91ed00000 of 64 bytes failed: 仅完成部分的 ReadProcessMemory 或 WriteProcessMemory 请求。 (0x12B)
[0828/164722.608:WARNING:pe_image_reader.cc(340)] could not read dos header from C:\WINDOWS\System32\combase.dll
[0828/164722.608:ERROR:process_memory_win.cc(73)] ReadMemory at 0x7ff91e1a0000 of 64 bytes failed: 仅完成部分的 ReadProcessMemory 或 WriteProcessMemory 请求。 (0x12B)
[0828/164722.608:WARNING:pe_image_reader.cc(340)] could not read dos header from C:\WINDOWS\System32\WINTRUST.dll
[0828/164722.608:ERROR:process_memory_win.cc(73)] ReadMemory at 0x7ff91d3a0000 of 64 bytes failed: 仅完成部分的 ReadProcessMemory 或 WriteProcessMemory 请求。 (0x12B)
[0828/164722.608:WARNING:pe_image_reader.cc(340)] could not read dos header from C:\WINDOWS\System32\MSASN1.dll
[0828/164722.608:ERROR:process_memory_win.cc(73)] ReadMemory at 0x7ff91d3c0000 of 64 bytes failed: 仅完成部分的 ReadProcessMemory 或 WriteProcessMemory 请求。 (0x12B)
[0828/164722.608:WARNING:pe_image_reader.cc(340)] could not read dos header from C:\WINDOWS\System32\CRYPT32.dll
[0828/164722.608:ERROR:process_memory_win.cc(73)] ReadMemory at 0x7ff91c860000 of 64 bytes failed: 仅完成部分的 ReadProcessMemory 或 WriteProcessMemory 请求。 (0x12B)
[0828/164722.608:WARNING:pe_image_reader.cc(340)] could not read dos header from C:\WINDOWS\SYSTEM32\IPHLPAPI.DLL
[0828/164722.608:ERROR:process_memory_win.cc(73)] ReadMemory at 0x7ff91b140000 of 64 bytes failed: 仅完成部分的 ReadProcessMemory 或 WriteProcessMemory 请求。 (0x12B)
[0828/164722.608:WARNING:pe_image_reader.cc(340)] could not read dos header from C:\WINDOWS\SYSTEM32\WINMM.dll
[0828/164722.609:ERROR:process_memory_win.cc(73)] ReadMemory at 0x7ff9035d0000 of 64 bytes failed: 仅完成部分的 ReadProcessMemory 或 WriteProcessMemory 请求。 (0x12B)
[0828/164722.609:WARNING:pe_image_reader.cc(340)] could not read dos header from C:\WINDOWS\SYSTEM32\Secur32.dll
[0828/164722.609:ERROR:process_memory_win.cc(73)] ReadMemory at 0x7ff91d210000 of 64 bytes failed: 仅完成部分的 ReadProcessMemory 或 WriteProcessMemory 请求。 (0x12B)
[0828/164722.609:WARNING:pe_image_reader.cc(340)] could not read dos header from C:\WINDOWS\SYSTEM32\USERENV.dll
[0828/164722.609:ERROR:process_memory_win.cc(73)] ReadMemory at 0x7ff91d320000 of 64 bytes failed: 仅完成部分的 ReadProcessMemory 或 WriteProcessMemory 请求。 (0x12B)
[0828/164722.609:WARNING:pe_image_reader.cc(340)] could not read dos header from C:\WINDOWS\System32\profapi.dll
[0828/164722.609:ERROR:process_memory_win.cc(73)] ReadMemory at 0x7ff8e9820000 of 64 bytes failed: 仅完成部分的 ReadProcessMemory 或 WriteProcessMemory 请求。 (0x12B)
[0828/164722.609:WARNING:pe_image_reader.cc(340)] could not read dos header from C:\WINDOWS\SYSTEM32\UIAutomationCore.DLL
[0828/164722.609:ERROR:process_memory_win.cc(73)] ReadMemory at 0x7ff904f90000 of 64 bytes failed: 仅完成部分的 ReadProcessMemory 或 WriteProcessMemory 请求。 (0x12B)
[0828/164722.609:WARNING:pe_image_reader.cc(340)] could not read dos header from C:\WINDOWS\SYSTEM32\DWrite.dll
[0828/164722.609:ERROR:process_memory_win.cc(73)] ReadMemory at 0x7ff8ffb60000 of 64 bytes failed: 仅完成部分的 ReadProcessMemory 或 WriteProcessMemory 请求。 (0x12B)
[0828/164722.609:WARNING:pe_image_reader.cc(340)] could not read dos header from C:\WINDOWS\SYSTEM32\WINSPOOL.DRV
[0828/164722.609:ERROR:process_memory_win.cc(73)] ReadMemory at 0x7ff91d300000 of 64 bytes failed: 仅完成部分的 ReadProcessMemory 或 WriteProcessMemory 请求。 (0x12B)
[0828/164722.610:WARNING:pe_image_reader.cc(340)] could not read dos header from C:\WINDOWS\System32\kernel.appcore.dll
[0828/164722.610:ERROR:process_memory_win.cc(73)] ReadMemory at 0x7ff91dfd0000 of 64 bytes failed: 仅完成部分的 ReadProcessMemory 或 WriteProcessMemory 请求。 (0x12B)
[0828/164722.610:WARNING:pe_image_reader.cc(340)] could not read dos header from C:\WINDOWS\System32\bcrypt.dll
[0828/164722.610:ERROR:process_memory_win.cc(73)] ReadMemory at 0x7ff91bc10000 of 64 bytes failed: 仅完成部分的 ReadProcessMemory 或 WriteProcessMemory 请求。 (0x12B)
[0828/164722.610:WARNING:pe_image_reader.cc(340)] could not read dos header from C:\WINDOWS\SYSTEM32\dbghelp.dll
[0828/164722.610:ERROR:process_memory_win.cc(73)] ReadMemory at 0x7ff90d170000 of 64 bytes failed: 仅完成部分的 ReadProcessMemory 或 WriteProcessMemory 请求。 (0x12B)
[0828/164722.610:WARNING:pe_image_reader.cc(340)] could not read dos header from C:\WINDOWS\SYSTEM32\WINHTTP.dll
[0828/164722.610:ERROR:process_memory_win.cc(73)] ReadMemory at 0x7ff917800000 of 64 bytes failed: 仅完成部分的 ReadProcessMemory 或 WriteProcessMemory 请求。 (0x12B)
[0828/164722.610:WARNING:pe_image_reader.cc(340)] could not read dos header from C:\WINDOWS\SYSTEM32\dhcpcsvc.DLL
[0828/164722.610:ERROR:process_memory_win.cc(73)] ReadMemory at 0x7ff91f850000 of 64 bytes failed: 仅完成部分的 ReadProcessMemory 或 WriteProcessMemory 请求。 (0x12B)
[0828/164722.610:WARNING:pe_image_reader.cc(340)] could not read dos header from C:\WINDOWS\System32\NSI.dll
[0828/164722.610:ERROR:process_memory_win.cc(73)] ReadMemory at 0x7ff91b0c0000 of 64 bytes failed: 仅完成部分的 ReadProcessMemory 或 WriteProcessMemory 请求。 (0x12B)
[0828/164722.610:WARNING:pe_image_reader.cc(340)] could not read dos header from C:\WINDOWS\SYSTEM32\WINMMBASE.dll
[0828/164722.610:ERROR:process_memory_win.cc(73)] ReadMemory at 0x7ff91e300000 of 64 bytes failed: 仅完成部分的 ReadProcessMemory 或 WriteProcessMemory 请求。 (0x12B)
[0828/164722.610:WARNING:pe_image_reader.cc(340)] could not read dos header from C:\WINDOWS\System32\cfgmgr32.dll
[0828/164722.610:ERROR:process_memory_win.cc(73)] ReadMemory at 0x7ff91a3b0000 of 64 bytes failed: 仅完成部分的 ReadProcessMemory 或 WriteProcessMemory 请求。 (0x12B)
[0828/164722.610:WARNING:pe_image_reader.cc(340)] could not read dos header from C:\WINDOWS\SYSTEM32\PROPSYS.dll
[0828/164722.610:ERROR:process_memory_win.cc(73)] ReadMemory at 0x7ff91f040000 of 64 bytes failed: 仅完成部分的 ReadProcessMemory 或 WriteProcessMemory 请求。 (0x12B)
[0828/164722.610:WARNING:pe_image_reader.cc(340)] could not read dos header from C:\WINDOWS\System32\shcore.dll
[0828/164722.610:ERROR:process_memory_win.cc(73)] ReadMemory at 0x7ff91d1e0000 of 64 bytes failed: 仅完成部分的 ReadProcessMemory 或 WriteProcessMemory 请求。 (0x12B)
[0828/164722.610:WARNING:pe_image_reader.cc(340)] could not read dos header from C:\WINDOWS\SYSTEM32\SSPICLI.DLL
[0828/164722.610:ERROR:process_memory_win.cc(73)] ReadMemory at 0x7ff91cd20000 of 64 bytes failed: 仅完成部分的 ReadProcessMemory 或 WriteProcessMemory 请求。 (0x12B)
[0828/164722.610:WARNING:pe_image_reader.cc(340)] could not read dos header from C:\WINDOWS\SYSTEM32\CRYPTBASE.DLL
[0828/164722.622:ERROR:process_memory_win.cc(73)] ReadMemory at 0xce4fff9000 of 28672 bytes failed: 仅完成部分的 ReadProcessMemory 或 WriteProcessMemory 请求。 (0x12B)
[0828/164722.622:ERROR:process_memory_win.cc(73)] ReadMemory at 0xce507fd000 of 12288 bytes failed: 仅完成部分的 ReadProcessMemory 或 WriteProcessMemory 请求。 (0x12B)
[0828/164722.622:ERROR:process_memory_win.cc(73)] ReadMemory at 0xce50ffd000 of 12288 bytes failed: 仅完成部分的 ReadProcessMemory 或 WriteProcessMemory 请求。 (0x12B)
[0828/164722.623:ERROR:process_memory_win.cc(73)] ReadMemory at 0xce517fc000 of 16384 bytes failed: 仅完成部分的 ReadProcessMemory 或 WriteProcessMemory 请求。 (0x12B)
[0828/164722.623:ERROR:process_memory_win.cc(73)] ReadMemory at 0xce51ffc000 of 16384 bytes failed: 仅完成部分的 ReadProcessMemory 或 WriteProcessMemory 请求。 (0x12B)
[0828/164722.623:ERROR:process_memory_win.cc(73)] ReadMemory at 0xce527fe000 of 8192 bytes failed: 仅完成部分的 ReadProcessMemory 或 WriteProcessMemory 请求。 (0x12B)
[0828/164722.623:ERROR:process_memory_win.cc(73)] ReadMemory at 0xce52ffd000 of 12288 bytes failed: 仅完成部分的 ReadProcessMemory 或 WriteProcessMemory 请求。 (0x12B)
[0828/164722.623:ERROR:process_memory_win.cc(73)] ReadMemory at 0xce537fd000 of 12288 bytes failed: 仅完成部分的 ReadProcessMemory 或 WriteProcessMemory 请求。 (0x12B)
[0828/164722.623:ERROR:process_memory_win.cc(73)] ReadMemory at 0xce53ffd000 of 12288 bytes failed: 仅完成部分的 ReadProcessMemory 或 WriteProcessMemory 请求。 (0x12B)
[0828/164722.623:ERROR:process_memory_win.cc(73)] ReadMemory at 0xce547fd000 of 12288 bytes failed: 仅完成部分的 ReadProcessMemory 或 WriteProcessMemory 请求。 (0x12B)
[0828/164722.623:ERROR:process_memory_win.cc(73)] ReadMemory at 0xce54ffd000 of 12288 bytes failed: 仅完成部分的 ReadProcessMemory 或 WriteProcessMemory 请求。 (0x12B)
[0828/164722.623:ERROR:process_memory_win.cc(73)] ReadMemory at 0xce557fd000 of 12288 bytes failed: 仅完成部分的 ReadProcessMemory 或 WriteProcessMemory 请求。 (0x12B)
[0828/164722.623:ERROR:process_memory_win.cc(73)] ReadMemory at 0xce55ffd000 of 12288 bytes failed: 仅完成部分的 ReadProcessMemory 或 WriteProcessMemory 请求。 (0x12B)
[0828/164722.623:ERROR:process_memory_win.cc(73)] ReadMemory at 0xce567fd000 of 12288 bytes failed: 仅完成部分的 ReadProcessMemory 或 WriteProcessMemory 请求。 (0x12B)
[0828/164722.624:ERROR:process_memory_win.cc(73)] ReadMemory at 0xce56ffd000 of 12288 bytes failed: 仅完成部分的 ReadProcessMemory 或 WriteProcessMemory 请求。 (0x12B)
[0828/164722.624:ERROR:process_memory_win.cc(73)] ReadMemory at 0xce4f755000 of 852 bytes failed: 仅完成部分的 ReadProcessMemory 或 WriteProcessMemory 请求。 (0x12B)
[0828/164722.624:ERROR:process_memory_win.cc(73)] ReadMemory at 0xce4f756000 of 6024 bytes failed: 仅完成部分的 ReadProcessMemory 或 WriteProcessMemory 请求。 (0x12B)
[0828/164722.624:ERROR:process_memory_win.cc(73)] ReadMemory at 0xce4f758000 of 6024 bytes failed: 仅完成部分的 ReadProcessMemory 或 WriteProcessMemory 请求。 (0x12B)
[0828/164722.624:ERROR:process_memory_win.cc(73)] ReadMemory at 0xce4f75a000 of 6024 bytes failed: 仅完成部分的 ReadProcessMemory 或 WriteProcessMemory 请求。 (0x12B)
[0828/164722.624:ERROR:process_memory_win.cc(73)] ReadMemory at 0xce4f75c000 of 6024 bytes failed: 仅完成部分的 ReadProcessMemory 或 WriteProcessMemory 请求。 (0x12B)
[0828/164722.624:ERROR:process_memory_win.cc(73)] ReadMemory at 0xce4f75e000 of 6024 bytes failed: 仅完成部分的 ReadProcessMemory 或 WriteProcessMemory 请求。 (0x12B)
[0828/164722.624:ERROR:process_memory_win.cc(73)] ReadMemory at 0xce4f760000 of 6024 bytes failed: 仅完成部分的 ReadProcessMemory 或 WriteProcessMemory 请求。 (0x12B)
[0828/164722.624:ERROR:process_memory_win.cc(73)] ReadMemory at 0xce4f762000 of 6024 bytes failed: 仅完成部分的 ReadProcessMemory 或 WriteProcessMemory 请求。 (0x12B)
[0828/164722.624:ERROR:process_memory_win.cc(73)] ReadMemory at 0xce4f764000 of 6024 bytes failed: 仅完成部分的 ReadProcessMemory 或 WriteProcessMemory 请求。 (0x12B)
[0828/164722.624:ERROR:process_memory_win.cc(73)] ReadMemory at 0xce4f766000 of 6024 bytes failed: 仅完成部分的 ReadProcessMemory 或 WriteProcessMemory 请求。 (0x12B)
[0828/164722.625:ERROR:process_memory_win.cc(73)] ReadMemory at 0xce4f768000 of 6024 bytes failed: 仅完成部分的 ReadProcessMemory 或 WriteProcessMemory 请求。 (0x12B)
[0828/164722.625:ERROR:process_memory_win.cc(73)] ReadMemory at 0xce4f76a000 of 6024 bytes failed: 仅完成部分的 ReadProcessMemory 或 WriteProcessMemory 请求。 (0x12B)
[0828/164722.625:ERROR:process_memory_win.cc(73)] ReadMemory at 0xce4f76c000 of 6024 bytes failed: 仅完成部分的 ReadProcessMemory 或 WriteProcessMemory 请求。 (0x12B)
[0828/164722.625:ERROR:process_memory_win.cc(73)] ReadMemory at 0xce4f76e000 of 6024 bytes failed: 仅完成部分的 ReadProcessMemory 或 WriteProcessMemory 请求。 (0x12B)
[0828/164722.625:ERROR:process_memory_win.cc(73)] ReadMemory at 0xce4f770000 of 6024 bytes failed: 仅完成部分的 ReadProcessMemory 或 WriteProcessMemory 请求。 (0x12B)
[0828/164722.625:ERROR:process_memory_win.cc(73)] ReadMemory at 0xce4f772000 of 6024 bytes failed: 仅完成部分的 ReadProcessMemory 或 WriteProcessMemory 请求。 (0x12B)
[0828/164722.625:ERROR:process_memory_win.cc(73)] ReadMemory at 0x1e681440000 of 384 bytes failed: 仅完成部分的 ReadProcessMemory 或 WriteProcessMemory 请求。 (0x12B)
[0828/164722.625:ERROR:process_memory_win.cc(73)] ReadMemory at 0x1e681450370 of 512 bytes failed: 仅完成部分的 ReadProcessMemory 或 WriteProcessMemory 请求。 (0x12B)
[0828/164722.625:ERROR:process_memory_win.cc(73)] ReadMemory at 0x1e681485520 of 512 bytes failed: 仅完成部分的 ReadProcessMemory 或 WriteProcessMemory 请求。 (0x12B)
[0828/164722.625:ERROR:process_memory_win.cc(73)] ReadMemory at 0x1e6817e2b90 of 512 bytes failed: 仅完成部分的 ReadProcessMemory 或 WriteProcessMemory 请求。 (0x12B)
[0828/164722.625:ERROR:process_memory_win.cc(73)] ReadMemory at 0x1e6817e3f48 of 512 bytes failed: 仅完成部分的 ReadProcessMemory 或 WriteProcessMemory 请求。 (0x12B)
[0828/164722.625:ERROR:process_memory_win.cc(73)] ReadMemory at 0x1e6817ea710 of 512 bytes failed: 仅完成部分的 ReadProcessMemory 或 WriteProcessMemory 请求。 (0x12B)
[0828/164722.625:ERROR:process_memory_win.cc(73)] ReadMemory at 0x1e6fab00fe0 of 18872 bytes failed: 仅完成部分的 ReadProcessMemory 或 WriteProcessMemory 请求。 (0x12B)
[0828/164722.625:ERROR:process_memory_win.cc(73)] ReadMemory at 0x1e6fab059a0 of 1012 bytes failed: 仅完成部分的 ReadProcessMemory 或 WriteProcessMemory 请求。 (0x12B)
[0828/164722.625:ERROR:process_memory_win.cc(73)] ReadMemory at 0x1e6fab05fe8 of 118 bytes failed: 仅完成部分的 ReadProcessMemory 或 WriteProcessMemory 请求。 (0x12B)
[0828/164722.625:ERROR:process_memory_win.cc(73)] ReadMemory at 0x1e6fab06060 of 850 bytes failed: 仅完成部分的 ReadProcessMemory 或 WriteProcessMemory 请求。 (0x12B)
[0828/164722.625:ERROR:process_memory_win.cc(73)] ReadMemory at 0x1e6fab063b4 of 118 bytes failed: 仅完成部分的 ReadProcessMemory 或 WriteProcessMemory 请求。 (0x12B)
[0828/164722.626:ERROR:process_memory_win.cc(73)] ReadMemory at 0x1e6fab0642c of 96 bytes failed: 仅完成部分的 ReadProcessMemory 或 WriteProcessMemory 请求。 (0x12B)
[0828/164722.626:ERROR:process_memory_win.cc(73)] ReadMemory at 0x1e6fab064a0 of 58 bytes failed: 仅完成部分的 ReadProcessMemory 或 WriteProcessMemory 请求。 (0x12B)
[0828/164722.626:ERROR:process_memory_win.cc(73)] ReadMemory at 0x1e6fab065a0 of 132 bytes failed: 仅完成部分的 ReadProcessMemory 或 WriteProcessMemory 请求。 (0x12B)
[0828/164722.626:ERROR:process_memory_win.cc(73)] ReadMemory at 0x1e6fab06730 of 132 bytes failed: 仅完成部分的 ReadProcessMemory 或 WriteProcessMemory 请求。 (0x12B)
[0828/164722.626:ERROR:process_memory_win.cc(73)] ReadMemory at 0x1e6fab068f0 of 126 bytes failed: 仅完成部分的 ReadProcessMemory 或 WriteProcessMemory 请求。 (0x12B)
[0828/164722.626:ERROR:process_memory_win.cc(73)] ReadMemory at 0x1e6fab06cd0 of 132 bytes failed: 仅完成部分的 ReadProcessMemory 或 WriteProcessMemory 请求。 (0x12B)
[0828/164722.626:ERROR:process_memory_win.cc(73)] ReadMemory at 0x1e6fab06e60 of 64 bytes failed: 仅完成部分的 ReadProcessMemory 或 WriteProcessMemory 请求。 (0x12B)
[0828/164722.626:ERROR:process_memory_win.cc(73)] ReadMemory at 0x1e6fab07020 of 132 bytes failed: 仅完成部分的 ReadProcessMemory 或 WriteProcessMemory 请求。 (0x12B)
[0828/164722.626:ERROR:process_memory_win.cc(73)] ReadMemory at 0x1e6fab072c0 of 132 bytes failed: 仅完成部分的 ReadProcessMemory 或 WriteProcessMemory 请求。 (0x12B)
[0828/164722.626:ERROR:process_memory_win.cc(73)] ReadMemory at 0x1e6fab07450 of 68 bytes failed: 仅完成部分的 ReadProcessMemory 或 WriteProcessMemory 请求。 (0x12B)
[0828/164722.626:ERROR:process_memory_win.cc(73)] ReadMemory at 0x1e6fab084f0 of 132 bytes failed: 仅完成部分的 ReadProcessMemory 或 WriteProcessMemory 请求。 (0x12B)
[0828/164722.626:ERROR:process_memory_win.cc(73)] ReadMemory at 0x1e6fab08680 of 154 bytes failed: 仅完成部分的 ReadProcessMemory 或 WriteProcessMemory 请求。 (0x12B)
[0828/164722.626:ERROR:process_memory_win.cc(73)] ReadMemory at 0x1e6fab09470 of 62 bytes failed: 仅完成部分的 ReadProcessMemory 或 WriteProcessMemory 请求。 (0x12B)
[0828/164722.626:ERROR:process_memory_win.cc(73)] ReadMemory at 0x1e6fab09660 of 132 bytes failed: 仅完成部分的 ReadProcessMemory 或 WriteProcessMemory 请求。 (0x12B)
[0828/164722.626:ERROR:process_memory_win.cc(73)] ReadMemory at 0x1e6fab09790 of 60 bytes failed: 仅完成部分的 ReadProcessMemory 或 WriteProcessMemory 请求。 (0x12B)
[0828/164722.626:ERROR:process_memory_win.cc(73)] ReadMemory at 0x1e6fab18e00 of 60 bytes failed: 仅完成部分的 ReadProcessMemory 或 WriteProcessMemory 请求。 (0x12B)
[0828/164722.626:ERROR:process_memory_win.cc(73)] ReadMemory at 0x1e6fab18e50 of 66 bytes failed: 仅完成部分的 ReadProcessMemory 或 WriteProcessMemory 请求。 (0x12B)
[0828/164722.627:ERROR:process_memory_win.cc(73)] ReadMemory at 0x1e6fab191c0 of 64 bytes failed: 仅完成部分的 ReadProcessMemory 或 WriteProcessMemory 请求。 (0x12B)
[0828/164722.627:ERROR:process_memory_win.cc(73)] ReadMemory at 0x1e6fab19210 of 64 bytes failed: 仅完成部分的 ReadProcessMemory 或 WriteProcessMemory 请求。 (0x12B)
[0828/164722.627:ERROR:process_memory_win.cc(73)] ReadMemory at 0x1e6fab192b0 of 64 bytes failed: 仅完成部分的 ReadProcessMemory 或 WriteProcessMemory 请求。 (0x12B)
[0828/164722.627:ERROR:process_memory_win.cc(73)] ReadMemory at 0x1e6fab193a0 of 60 bytes failed: 仅完成部分的 ReadProcessMemory 或 WriteProcessMemory 请求。 (0x12B)
[0828/164722.627:ERROR:process_memory_win.cc(73)] ReadMemory at 0x1e6fab193f0 of 62 bytes failed: 仅完成部分的 ReadProcessMemory 或 WriteProcessMemory 请求。 (0x12B)
[0828/164722.627:ERROR:process_memory_win.cc(73)] ReadMemory at 0x1e6fab19440 of 64 bytes failed: 仅完成部分的 ReadProcessMemory 或 WriteProcessMemory 请求。 (0x12B)
[0828/164722.627:ERROR:process_memory_win.cc(73)] ReadMemory at 0x1e6fab195d0 of 62 bytes failed: 仅完成部分的 ReadProcessMemory 或 WriteProcessMemory 请求。 (0x12B)
[0828/164722.627:ERROR:process_memory_win.cc(73)] ReadMemory at 0x1e6fab19760 of 62 bytes failed: 仅完成部分的 ReadProcessMemory 或 WriteProcessMemory 请求。 (0x12B)
[0828/164722.627:ERROR:process_memory_win.cc(73)] ReadMemory at 0x1e6fab19800 of 58 bytes failed: 仅完成部分的 ReadProcessMemory 或 WriteProcessMemory 请求。 (0x12B)
[0828/164722.627:ERROR:process_memory_win.cc(73)] ReadMemory at 0x1e6fab19990 of 64 bytes failed: 仅完成部分的 ReadProcessMemory 或 WriteProcessMemory 请求。 (0x12B)
[0828/164722.627:ERROR:process_memory_win.cc(73)] ReadMemory at 0x1e6fab19b70 of 62 bytes failed: 仅完成部分的 ReadProcessMemory 或 WriteProcessMemory 请求。 (0x12B)
[0828/164722.627:ERROR:process_memory_win.cc(73)] ReadMemory at 0x1e6fab19c10 of 60 bytes failed: 仅完成部分的 ReadProcessMemory 或 WriteProcessMemory 请求。 (0x12B)
[0828/164722.627:ERROR:process_memory_win.cc(73)] ReadMemory at 0x1e6fab19f10 of 54 bytes failed: 仅完成部分的 ReadProcessMemory 或 WriteProcessMemory 请求。 (0x12B)
[0828/164722.627:ERROR:process_memory_win.cc(73)] ReadMemory at 0x1e6fab1bc00 of 80 bytes failed: 仅完成部分的 ReadProcessMemory 或 WriteProcessMemory 请求。 (0x12B)
[0828/164722.627:ERROR:process_memory_win.cc(73)] ReadMemory at 0x1e6fab1dcb0 of 132 bytes failed: 仅完成部分的 ReadProcessMemory 或 WriteProcessMemory 请求。 (0x12B)
[0828/164722.627:ERROR:process_memory_win.cc(73)] ReadMemory at 0x1e6fab1e4e0 of 132 bytes failed: 仅完成部分的 ReadProcessMemory 或 WriteProcessMemory 请求。 (0x12B)
[0828/164722.627:ERROR:process_memory_win.cc(73)] ReadMemory at 0x1e6fab1e710 of 132 bytes failed: 仅完成部分的 ReadProcessMemory 或 WriteProcessMemory 请求。 (0x12B)
[0828/164722.627:ERROR:process_memory_win.cc(73)] ReadMemory at 0x1e6fab1e900 of 132 bytes failed: 仅完成部分的 ReadProcessMemory 或 WriteProcessMemory 请求。 (0x12B)
[0828/164722.628:ERROR:process_memory_win.cc(73)] ReadMemory at 0x1e6fab1f370 of 60 bytes failed: 仅完成部分的 ReadProcessMemory 或 WriteProcessMemory 请求。 (0x12B)
[0828/164722.628:ERROR:process_memory_win.cc(73)] ReadMemory at 0x1e6fab1f3c0 of 66 bytes failed: 仅完成部分的 ReadProcessMemory 或 WriteProcessMemory 请求。 (0x12B)
[0828/164722.628:ERROR:process_memory_win.cc(73)] ReadMemory at 0x1e6fab1f550 of 64 bytes failed: 仅完成部分的 ReadProcessMemory 或 WriteProcessMemory 请求。 (0x12B)
[0828/164722.628:ERROR:process_memory_win.cc(73)] ReadMemory at 0x1e6fab1f6e0 of 62 bytes failed: 仅完成部分的 ReadProcessMemory 或 WriteProcessMemory 请求。 (0x12B)
[0828/164722.628:ERROR:process_memory_win.cc(73)] ReadMemory at 0x1e6fab1f7d0 of 60 bytes failed: 仅完成部分的 ReadProcessMemory 或 WriteProcessMemory 请求。 (0x12B)
[0828/164722.628:ERROR:process_memory_win.cc(73)] ReadMemory at 0x1e6fab1f820 of 62 bytes failed: 仅完成部分的 ReadProcessMemory 或 WriteProcessMemory 请求。 (0x12B)
[0828/164722.628:ERROR:process_memory_win.cc(73)] ReadMemory at 0x1e6fab1f870 of 62 bytes failed: 仅完成部分的 ReadProcessMemory 或 WriteProcessMemory 请求。 (0x12B)
[0828/164722.628:ERROR:process_memory_win.cc(73)] ReadMemory at 0x1e6fab1f960 of 64 bytes failed: 仅完成部分的 ReadProcessMemory 或 WriteProcessMemory 请求。 (0x12B)
[0828/164722.628:ERROR:process_memory_win.cc(73)] ReadMemory at 0x1e6fab1fb40 of 60 bytes failed: 仅完成部分的 ReadProcessMemory 或 WriteProcessMemory 请求。 (0x12B)
[0828/164722.628:ERROR:process_memory_win.cc(73)] ReadMemory at 0x1e6fab1fb90 of 64 bytes failed: 仅完成部分的 ReadProcessMemory 或 WriteProcessMemory 请求。 (0x12B)
[0828/164722.628:ERROR:process_memory_win.cc(73)] ReadMemory at 0x1e6fab1ff00 of 62 bytes failed: 仅完成部分的 ReadProcessMemory 或 WriteProcessMemory 请求。 (0x12B)
[0828/164722.628:ERROR:process_memory_win.cc(73)] ReadMemory at 0x1e6fab1fff0 of 62 bytes failed: 仅完成部分的 ReadProcessMemory 或 WriteProcessMemory 请求。 (0x12B)
[0828/164722.628:ERROR:process_memory_win.cc(73)] ReadMemory at 0x1e6fab20220 of 62 bytes failed: 仅完成部分的 ReadProcessMemory 或 WriteProcessMemory 请求。 (0x12B)
[0828/164722.629:ERROR:process_memory_win.cc(73)] ReadMemory at 0x1e6fab20c90 of 132 bytes failed: 仅完成部分的 ReadProcessMemory 或 WriteProcessMemory 请求。 (0x12B)
[0828/164722.629:ERROR:process_memory_win.cc(73)] ReadMemory at 0x1e6fab20dc0 of 132 bytes failed: 仅完成部分的 ReadProcessMemory 或 WriteProcessMemory 请求。 (0x12B)
[0828/164722.629:ERROR:process_memory_win.cc(73)] ReadMemory at 0x1e6fab20ef0 of 132 bytes failed: 仅完成部分的 ReadProcessMemory 或 WriteProcessMemory 请求。 (0x12B)
[0828/164722.629:ERROR:process_memory_win.cc(73)] ReadMemory at 0x1e6fab21020 of 132 bytes failed: 仅完成部分的 ReadProcessMemory 或 WriteProcessMemory 请求。 (0x12B)
[0828/164722.629:ERROR:process_memory_win.cc(73)] ReadMemory at 0x1e6fab21150 of 132 bytes failed: 仅完成部分的 ReadProcessMemory 或 WriteProcessMemory 请求。 (0x12B)
[0828/164722.629:ERROR:process_memory_win.cc(73)] ReadMemory at 0x1e6fab21de0 of 132 bytes failed: 仅完成部分的 ReadProcessMemory 或 WriteProcessMemory 请求。 (0x12B)
[0828/164722.629:ERROR:process_memory_win.cc(73)] ReadMemory at 0x1e6fab22090 of 146 bytes failed: 仅完成部分的 ReadProcessMemory 或 WriteProcessMemory 请求。 (0x12B)
[0828/164722.629:ERROR:process_memory_win.cc(73)] ReadMemory at 0x1e6fab278b0 of 132 bytes failed: 仅完成部分的 ReadProcessMemory 或 WriteProcessMemory 请求。 (0x12B)
[0828/164722.629:ERROR:process_memory_win.cc(73)] ReadMemory at 0x1e6fab28c40 of 132 bytes failed: 仅完成部分的 ReadProcessMemory 或 WriteProcessMemory 请求。 (0x12B)
[0828/164722.629:ERROR:process_memory_win.cc(73)] ReadMemory at 0x1e6fab2b030 of 132 bytes failed: 仅完成部分的 ReadProcessMemory 或 WriteProcessMemory 请求。 (0x12B)
[0828/164722.629:ERROR:process_memory_win.cc(73)] ReadMemory at 0x1e6fab2c060 of 76 bytes failed: 仅完成部分的 ReadProcessMemory 或 WriteProcessMemory 请求。 (0x12B)
[0828/164722.629:ERROR:process_memory_win.cc(73)] ReadMemory at 0x1e6fab2cd20 of 80 bytes failed: 仅完成部分的 ReadProcessMemory 或 WriteProcessMemory 请求。 (0x12B)
[0828/164722.629:ERROR:process_memory_win.cc(73)] ReadMemory at 0x1e6fab2ea70 of 132 bytes failed: 仅完成部分的 ReadProcessMemory 或 WriteProcessMemory 请求。 (0x12B)
[0828/164722.629:ERROR:process_memory_win.cc(73)] ReadMemory at 0x1e6fab2ec80 of 132 bytes failed: 仅完成部分的 ReadProcessMemory 或 WriteProcessMemory 请求。 (0x12B)
[0828/164722.629:ERROR:process_memory_win.cc(73)] ReadMemory at 0x1e6fab2efb0 of 132 bytes failed: 仅完成部分的 ReadProcessMemory 或 WriteProcessMemory 请求。 (0x12B)
[0828/164722.629:ERROR:process_memory_win.cc(73)] ReadMemory at 0x1e6fab2f0e0 of 132 bytes failed: 仅完成部分的 ReadProcessMemory 或 WriteProcessMemory 请求。 (0x12B)
[0828/164722.629:ERROR:process_memory_win.cc(73)] ReadMemory at 0x1e6fab2f6d0 of 132 bytes failed: 仅完成部分的 ReadProcessMemory 或 WriteProcessMemory 请求。 (0x12B)
[0828/164722.630:ERROR:process_memory_win.cc(73)] ReadMemory at 0x1e6fab2f800 of 132 bytes failed: 仅完成部分的 ReadProcessMemory 或 WriteProcessMemory 请求。 (0x12B)
[0828/164722.630:ERROR:process_memory_win.cc(73)] ReadMemory at 0x1e6fab2f930 of 132 bytes failed: 仅完成部分的 ReadProcessMemory 或 WriteProcessMemory 请求。 (0x12B)
[0828/164722.630:ERROR:process_memory_win.cc(73)] ReadMemory at 0x1e6fab2fa60 of 132 bytes failed: 仅完成部分的 ReadProcessMemory 或 WriteProcessMemory 请求。 (0x12B)
[0828/164722.630:ERROR:process_memory_win.cc(73)] ReadMemory at 0x1e6fab2fb90 of 132 bytes failed: 仅完成部分的 ReadProcessMemory 或 WriteProcessMemory 请求。 (0x12B)
[0828/164722.630:ERROR:process_memory_win.cc(73)] ReadMemory at 0x1e6fab30050 of 132 bytes failed: 仅完成部分的 ReadProcessMemory 或 WriteProcessMemory 请求。 (0x12B)
[0828/164722.630:ERROR:process_memory_win.cc(73)] ReadMemory at 0x1e6fab30180 of 132 bytes failed: 仅完成部分的 ReadProcessMemory 或 WriteProcessMemory 请求。 (0x12B)
[0828/164722.630:ERROR:process_memory_win.cc(73)] ReadMemory at 0x1e6fab302b0 of 132 bytes failed: 仅完成部分的 ReadProcessMemory 或 WriteProcessMemory 请求。 (0x12B)
[0828/164722.630:ERROR:process_memory_win.cc(73)] ReadMemory at 0x1e6fab30510 of 132 bytes failed: 仅完成部分的 ReadProcessMemory 或 WriteProcessMemory 请求。 (0x12B)
[0828/164722.630:ERROR:process_memory_win.cc(73)] ReadMemory at 0x1e6fab30640 of 132 bytes failed: 仅完成部分的 ReadProcessMemory 或 WriteProcessMemory 请求。 (0x12B)
[0828/164722.630:ERROR:process_memory_win.cc(73)] ReadMemory at 0x1e6fab30770 of 132 bytes failed: 仅完成部分的 ReadProcessMemory 或 WriteProcessMemory 请求。 (0x12B)
[0828/164722.630:ERROR:process_memory_win.cc(73)] ReadMemory at 0x1e6fab309d0 of 132 bytes failed: 仅完成部分的 ReadProcessMemory 或 WriteProcessMemory 请求。 (0x12B)
[0828/164722.630:ERROR:process_memory_win.cc(73)] ReadMemory at 0x1e6fab30b00 of 132 bytes failed: 仅完成部分的 ReadProcessMemory 或 WriteProcessMemory 请求。 (0x12B)
[0828/164722.630:ERROR:process_memory_win.cc(73)] ReadMemory at 0x1e6fab30c30 of 132 bytes failed: 仅完成部分的 ReadProcessMemory 或 WriteProcessMemory 请求。 (0x12B)
[0828/164722.630:ERROR:process_memory_win.cc(73)] ReadMemory at 0x1e6fab30d60 of 132 bytes failed: 仅完成部分的 ReadProcessMemory 或 WriteProcessMemory 请求。 (0x12B)
[0828/164722.630:ERROR:process_memory_win.cc(73)] ReadMemory at 0x1e6fab910c0 of 512 bytes failed: 仅完成部分的 ReadProcessMemory 或 WriteProcessMemory 请求。 (0x12B)
[0828/164722.630:ERROR:process_memory_win.cc(73)] ReadMemory at 0x1e6fabab4f0 of 512 bytes failed: 仅完成部分的 ReadProcessMemory 或 WriteProcessMemory 请求。 (0x12B)
[0828/164722.630:ERROR:process_memory_win.cc(73)] ReadMemory at 0x1e6fabaedd0 of 512 bytes failed: 仅完成部分的 ReadProcessMemory 或 WriteProcessMemory 请求。 (0x12B)
[0828/164722.630:ERROR:process_memory_win.cc(73)] ReadMemory at 0x1e6fabb49f0 of 712 bytes failed: 仅完成部分的 ReadProcessMemory 或 WriteProcessMemory 请求。 (0x12B)
[0828/164722.631:ERROR:process_memory_win.cc(73)] ReadMemory at 0x1e6fabd5fb0 of 512 bytes failed: 仅完成部分的 ReadProcessMemory 或 WriteProcessMemory 请求。 (0x12B)
[0828/164722.631:ERROR:process_memory_win.cc(73)] ReadMemory at 0x1e6fabdd200 of 512 bytes failed: 仅完成部分的 ReadProcessMemory 或 WriteProcessMemory 请求。 (0x12B)
[0828/164722.631:ERROR:process_memory_win.cc(73)] ReadMemory at 0x1e6fad12f80 of 512 bytes failed: 仅完成部分的 ReadProcessMemory 或 WriteProcessMemory 请求。 (0x12B)
[0828/164722.631:ERROR:process_memory_win.cc(73)] ReadMemory at 0x7ff8a9da37d2 of 553 bytes failed: 仅完成部分的 ReadProcessMemory 或 WriteProcessMemory 请求。 (0x12B)
[0828/164722.631:ERROR:process_memory_win.cc(73)] ReadMemory at 0x7ff8ab96dde0 of 512 bytes failed: 仅完成部分的 ReadProcessMemory 或 WriteProcessMemory 请求。 (0x12B)
[0828/164722.631:ERROR:process_memory_win.cc(73)] ReadMemory at 0x7ff8ae9633c8 of 512 bytes failed: 仅完成部分的 ReadProcessMemory 或 WriteProcessMemory 请求。 (0x12B)
[0828/164722.631:ERROR:process_memory_win.cc(73)] ReadMemory at 0x7ff91df8c6d0 of 512 bytes failed: 仅完成部分的 ReadProcessMemory 或 WriteProcessMemory 请求。 (0x12B)
[0828/164722.631:ERROR:process_memory_win.cc(73)] ReadMemory at 0x7ff9204dc074 of 672 bytes failed: 仅完成部分的 ReadProcessMemory 或 WriteProcessMemory 请求。 (0x12B)
[0828/164722.631:ERROR:process_memory_win.cc(73)] ReadMemory at 0x7ff9204dc674 of 512 bytes failed: 仅完成部分的 ReadProcessMemory 或 WriteProcessMemory 请求。 (0x12B)
[0828/164722.631:ERROR:process_memory_win.cc(73)] ReadMemory at 0x7ff9204df924 of 608 bytes failed: 仅完成部分的 ReadProcessMemory 或 WriteProcessMemory 请求。 (0x12B)
[0828/164722.631:ERROR:process_memory_win.cc(73)] ReadMemory at 0x7ff92056c428 of 18 bytes failed: 仅完成部分的 ReadProcessMemory 或 WriteProcessMemory 请求。 (0x12B)
[0828/164722.631:ERROR:process_memory_win.cc(73)] ReadMemory at 0x7ff92059f4f8 of 40 bytes failed: 仅完成部分的 ReadProcessMemory 或 WriteProcessMemory 请求。 (0x12B)
[0828/164722.631:ERROR:process_memory_win.cc(73)] ReadMemory at 0x7ff92059f978 of 48 bytes failed: 仅完成部分的 ReadProcessMemory 或 WriteProcessMemory 请求。 (0x12B)
[0828/164722.631:ERROR:process_memory_win.cc(73)] ReadMemory at 0x7ff9205a53c0 of 64 bytes failed: 仅完成部分的 ReadProcessMemory 或 WriteProcessMemory 请求。 (0x12B)
[0828/164722.633:ERROR:scoped_process_suspend.cc(40)] NtResumeProcess: 已尝试访问正在退出的过程。 (0xc000010a)
[1211/162732.261:ERROR:directory_reader_win.cc(43)] FindFirstFile: 系统找不到指定的路径。 (0x3)
